<?<?xml version="1.0" encoding="UTF-8"?>
<date>02/27/1995</date>
<name>George Lopez</name>
<company-name>Lopez &amp Sons</company-name>
<address>123 Happy St</address>